DEBUG|2023-03-15 14:36:22.8620|0|Program|init main 
INFO|2023-03-15 14:36:23.8191|14|Microsoft.Hosting.Lifetime|Now listening on: https://localhost:7042 
INFO|2023-03-15 14:36:23.8322|14|Microsoft.Hosting.Lifetime|Now listening on: http://localhost:5042 
INFO|2023-03-15 14:36:23.8322|0|Microsoft.Hosting.Lifetime|Application started. Press Ctrl+C to shut down. 
INFO|2023-03-15 14:36:23.8322|0|Microsoft.Hosting.Lifetime|Hosting environment: Development 
INFO|2023-03-15 14:36:23.8322|0|Microsoft.Hosting.Lifetime|Content root path: C:\Users\elmil\Documents\ChallengeMind\challenge-back\Challenge\Challenge\ 
ERROR|2023-03-15 14:36:25.1515|1|Microsoft.AspNetCore.Diagnostics.DeveloperExceptionPageMiddleware|An unhandled exception has occurred while executing the request. Swashbuckle.AspNetCore.SwaggerGen.SwaggerGeneratorException: Ambiguous HTTP method for action - Challenge.Controllers.MovementsController.AssignUserToTeam (Challenge). Actions require an explicit HttpMethod binding for Swagger/OpenAPI 3.0
   at Swashbuckle.AspNetCore.SwaggerGen.SwaggerGenerator.GenerateOperations(IEnumerable`1 apiDescriptions, SchemaRepository schemaRepository)
   at Swashbuckle.AspNetCore.SwaggerGen.SwaggerGenerator.GeneratePaths(IEnumerable`1 apiDescriptions, SchemaRepository schemaRepository)
   at Swashbuckle.AspNetCore.SwaggerGen.SwaggerGenerator.GetSwagger(String documentName, String host, String basePath)
   at Swashbuckle.AspNetCore.Swagger.SwaggerMiddleware.Invoke(HttpContext httpContext, ISwaggerProvider swaggerProvider)
   at Microsoft.AspNetCore.Diagnostics.DeveloperExceptionPageMiddleware.Invoke(HttpContext context)
DEBUG|2023-03-15 14:36:34.2888|0|Program|init main 
INFO|2023-03-15 14:36:35.0411|14|Microsoft.Hosting.Lifetime|Now listening on: https://localhost:7042 
INFO|2023-03-15 14:36:35.0551|14|Microsoft.Hosting.Lifetime|Now listening on: http://localhost:5042 
INFO|2023-03-15 14:36:35.0551|0|Microsoft.Hosting.Lifetime|Application started. Press Ctrl+C to shut down. 
INFO|2023-03-15 14:36:35.0551|0|Microsoft.Hosting.Lifetime|Hosting environment: Development 
INFO|2023-03-15 14:36:35.0551|0|Microsoft.Hosting.Lifetime|Content root path: C:\Users\elmil\Documents\ChallengeMind\challenge-back\Challenge\Challenge\ 
ERROR|2023-03-15 14:36:36.3033|1|Microsoft.AspNetCore.Diagnostics.DeveloperExceptionPageMiddleware|An unhandled exception has occurred while executing the request. Swashbuckle.AspNetCore.SwaggerGen.SwaggerGeneratorException: Ambiguous HTTP method for action - Challenge.Controllers.MovementsController.AssignUserToTeam (Challenge). Actions require an explicit HttpMethod binding for Swagger/OpenAPI 3.0
   at Swashbuckle.AspNetCore.SwaggerGen.SwaggerGenerator.GenerateOperations(IEnumerable`1 apiDescriptions, SchemaRepository schemaRepository)
   at Swashbuckle.AspNetCore.SwaggerGen.SwaggerGenerator.GeneratePaths(IEnumerable`1 apiDescriptions, SchemaRepository schemaRepository)
   at Swashbuckle.AspNetCore.SwaggerGen.SwaggerGenerator.GetSwagger(String documentName, String host, String basePath)
   at Swashbuckle.AspNetCore.Swagger.SwaggerMiddleware.Invoke(HttpContext httpContext, ISwaggerProvider swaggerProvider)
   at Microsoft.AspNetCore.Diagnostics.DeveloperExceptionPageMiddleware.Invoke(HttpContext context)
DEBUG|2023-03-15 14:38:01.3340|0|Program|init main 
INFO|2023-03-15 14:38:02.0840|14|Microsoft.Hosting.Lifetime|Now listening on: https://localhost:7042 
INFO|2023-03-15 14:38:02.0840|14|Microsoft.Hosting.Lifetime|Now listening on: http://localhost:5042 
INFO|2023-03-15 14:38:02.0985|0|Microsoft.Hosting.Lifetime|Application started. Press Ctrl+C to shut down. 
INFO|2023-03-15 14:38:02.0985|0|Microsoft.Hosting.Lifetime|Hosting environment: Development 
INFO|2023-03-15 14:38:02.0985|0|Microsoft.Hosting.Lifetime|Content root path: C:\Users\elmil\Documents\ChallengeMind\challenge-back\Challenge\Challenge\ 
ERROR|2023-03-15 14:38:03.6477|1|Microsoft.AspNetCore.Diagnostics.DeveloperExceptionPageMiddleware|An unhandled exception has occurred while executing the request. Swashbuckle.AspNetCore.SwaggerGen.SwaggerGeneratorException: Ambiguous HTTP method for action - Challenge.Controllers.MovementsController.AssignUserToTeam (Challenge). Actions require an explicit HttpMethod binding for Swagger/OpenAPI 3.0
   at Swashbuckle.AspNetCore.SwaggerGen.SwaggerGenerator.GenerateOperations(IEnumerable`1 apiDescriptions, SchemaRepository schemaRepository)
   at Swashbuckle.AspNetCore.SwaggerGen.SwaggerGenerator.GeneratePaths(IEnumerable`1 apiDescriptions, SchemaRepository schemaRepository)
   at Swashbuckle.AspNetCore.SwaggerGen.SwaggerGenerator.GetSwagger(String documentName, String host, String basePath)
   at Swashbuckle.AspNetCore.Swagger.SwaggerMiddleware.Invoke(HttpContext httpContext, ISwaggerProvider swaggerProvider)
   at Microsoft.AspNetCore.Diagnostics.DeveloperExceptionPageMiddleware.Invoke(HttpContext context)
DEBUG|2023-03-15 14:40:08.4501|0|Program|init main 
INFO|2023-03-15 14:40:09.0961|14|Microsoft.Hosting.Lifetime|Now listening on: https://localhost:7042 
INFO|2023-03-15 14:40:09.1080|14|Microsoft.Hosting.Lifetime|Now listening on: http://localhost:5042 
INFO|2023-03-15 14:40:09.1080|0|Microsoft.Hosting.Lifetime|Application started. Press Ctrl+C to shut down. 
INFO|2023-03-15 14:40:09.1080|0|Microsoft.Hosting.Lifetime|Hosting environment: Development 
INFO|2023-03-15 14:40:09.1080|0|Microsoft.Hosting.Lifetime|Content root path: C:\Users\elmil\Documents\ChallengeMind\challenge-back\Challenge\Challenge\ 
ERROR|2023-03-15 14:40:10.7573|1|Microsoft.AspNetCore.Diagnostics.DeveloperExceptionPageMiddleware|An unhandled exception has occurred while executing the request. Swashbuckle.AspNetCore.SwaggerGen.SwaggerGeneratorException: Ambiguous HTTP method for action - Challenge.Controllers.MovementsController.AssignUserToTeam (Challenge). Actions require an explicit HttpMethod binding for Swagger/OpenAPI 3.0
   at Swashbuckle.AspNetCore.SwaggerGen.SwaggerGenerator.GenerateOperations(IEnumerable`1 apiDescriptions, SchemaRepository schemaRepository)
   at Swashbuckle.AspNetCore.SwaggerGen.SwaggerGenerator.GeneratePaths(IEnumerable`1 apiDescriptions, SchemaRepository schemaRepository)
   at Swashbuckle.AspNetCore.SwaggerGen.SwaggerGenerator.GetSwagger(String documentName, String host, String basePath)
   at Swashbuckle.AspNetCore.Swagger.SwaggerMiddleware.Invoke(HttpContext httpContext, ISwaggerProvider swaggerProvider)
   at Microsoft.AspNetCore.Diagnostics.DeveloperExceptionPageMiddleware.Invoke(HttpContext context)
DEBUG|2023-03-15 14:40:36.5868|0|Program|init main 
INFO|2023-03-15 14:40:37.3545|14|Microsoft.Hosting.Lifetime|Now listening on: https://localhost:7042 
INFO|2023-03-15 14:40:37.3698|14|Microsoft.Hosting.Lifetime|Now listening on: http://localhost:5042 
INFO|2023-03-15 14:40:37.3698|0|Microsoft.Hosting.Lifetime|Application started. Press Ctrl+C to shut down. 
INFO|2023-03-15 14:40:37.3698|0|Microsoft.Hosting.Lifetime|Hosting environment: Development 
INFO|2023-03-15 14:40:37.3698|0|Microsoft.Hosting.Lifetime|Content root path: C:\Users\elmil\Documents\ChallengeMind\challenge-back\Challenge\Challenge\ 
ERROR|2023-03-15 14:40:38.7522|1|Microsoft.AspNetCore.Diagnostics.DeveloperExceptionPageMiddleware|An unhandled exception has occurred while executing the request. Swashbuckle.AspNetCore.SwaggerGen.SwaggerGeneratorException: Ambiguous HTTP method for action - Challenge.Controllers.MovementsController.AssignUserToTeam (Challenge). Actions require an explicit HttpMethod binding for Swagger/OpenAPI 3.0
   at Swashbuckle.AspNetCore.SwaggerGen.SwaggerGenerator.GenerateOperations(IEnumerable`1 apiDescriptions, SchemaRepository schemaRepository)
   at Swashbuckle.AspNetCore.SwaggerGen.SwaggerGenerator.GeneratePaths(IEnumerable`1 apiDescriptions, SchemaRepository schemaRepository)
   at Swashbuckle.AspNetCore.SwaggerGen.SwaggerGenerator.GetSwagger(String documentName, String host, String basePath)
   at Swashbuckle.AspNetCore.Swagger.SwaggerMiddleware.Invoke(HttpContext httpContext, ISwaggerProvider swaggerProvider)
   at Microsoft.AspNetCore.Diagnostics.DeveloperExceptionPageMiddleware.Invoke(HttpContext context)
DEBUG|2023-03-15 14:45:27.7912|0|Program|init main 
INFO|2023-03-15 14:45:28.5720|14|Microsoft.Hosting.Lifetime|Now listening on: https://localhost:7042 
INFO|2023-03-15 14:45:28.5842|14|Microsoft.Hosting.Lifetime|Now listening on: http://localhost:5042 
INFO|2023-03-15 14:45:28.5842|0|Microsoft.Hosting.Lifetime|Application started. Press Ctrl+C to shut down. 
INFO|2023-03-15 14:45:28.5842|0|Microsoft.Hosting.Lifetime|Hosting environment: Development 
INFO|2023-03-15 14:45:28.5842|0|Microsoft.Hosting.Lifetime|Content root path: C:\Users\elmil\Documents\ChallengeMind\challenge-back\Challenge\Challenge\ 
ERROR|2023-03-15 14:45:29.8061|1|Microsoft.AspNetCore.Diagnostics.DeveloperExceptionPageMiddleware|An unhandled exception has occurred while executing the request. Swashbuckle.AspNetCore.SwaggerGen.SwaggerGeneratorException: Ambiguous HTTP method for action - Challenge.Controllers.MovementsController.AssignUserToTeam (Challenge). Actions require an explicit HttpMethod binding for Swagger/OpenAPI 3.0
   at Swashbuckle.AspNetCore.SwaggerGen.SwaggerGenerator.GenerateOperations(IEnumerable`1 apiDescriptions, SchemaRepository schemaRepository)
   at Swashbuckle.AspNetCore.SwaggerGen.SwaggerGenerator.GeneratePaths(IEnumerable`1 apiDescriptions, SchemaRepository schemaRepository)
   at Swashbuckle.AspNetCore.SwaggerGen.SwaggerGenerator.GetSwagger(String documentName, String host, String basePath)
   at Swashbuckle.AspNetCore.Swagger.SwaggerMiddleware.Invoke(HttpContext httpContext, ISwaggerProvider swaggerProvider)
   at Microsoft.AspNetCore.Diagnostics.DeveloperExceptionPageMiddleware.Invoke(HttpContext context)
DEBUG|2023-03-15 14:47:40.7577|0|Program|init main 
INFO|2023-03-15 14:47:41.7545|14|Microsoft.Hosting.Lifetime|Now listening on: https://localhost:7042 
INFO|2023-03-15 14:47:41.7545|14|Microsoft.Hosting.Lifetime|Now listening on: http://localhost:5042 
INFO|2023-03-15 14:47:41.7697|0|Microsoft.Hosting.Lifetime|Application started. Press Ctrl+C to shut down. 
INFO|2023-03-15 14:47:41.7697|0|Microsoft.Hosting.Lifetime|Hosting environment: Development 
INFO|2023-03-15 14:47:41.7697|0|Microsoft.Hosting.Lifetime|Content root path: C:\Users\elmil\Documents\ChallengeMind\challenge-back\Challenge\Challenge\ 
ERROR|2023-03-15 14:47:42.8857|1|Microsoft.AspNetCore.Diagnostics.DeveloperExceptionPageMiddleware|An unhandled exception has occurred while executing the request. Swashbuckle.AspNetCore.SwaggerGen.SwaggerGeneratorException: Ambiguous HTTP method for action - Challenge.Controllers.MovementsController.AssignUserToTeam (Challenge). Actions require an explicit HttpMethod binding for Swagger/OpenAPI 3.0
   at Swashbuckle.AspNetCore.SwaggerGen.SwaggerGenerator.GenerateOperations(IEnumerable`1 apiDescriptions, SchemaRepository schemaRepository)
   at Swashbuckle.AspNetCore.SwaggerGen.SwaggerGenerator.GeneratePaths(IEnumerable`1 apiDescriptions, SchemaRepository schemaRepository)
   at Swashbuckle.AspNetCore.SwaggerGen.SwaggerGenerator.GetSwagger(String documentName, String host, String basePath)
   at Swashbuckle.AspNetCore.Swagger.SwaggerMiddleware.Invoke(HttpContext httpContext, ISwaggerProvider swaggerProvider)
   at Microsoft.AspNetCore.Diagnostics.DeveloperExceptionPageMiddleware.Invoke(HttpContext context)
DEBUG|2023-03-15 14:48:08.4558|0|Program|init main 
INFO|2023-03-15 14:48:09.2123|14|Microsoft.Hosting.Lifetime|Now listening on: https://localhost:7042 
INFO|2023-03-15 14:48:09.2290|14|Microsoft.Hosting.Lifetime|Now listening on: http://localhost:5042 
INFO|2023-03-15 14:48:09.2290|0|Microsoft.Hosting.Lifetime|Application started. Press Ctrl+C to shut down. 
INFO|2023-03-15 14:48:09.2290|0|Microsoft.Hosting.Lifetime|Hosting environment: Development 
INFO|2023-03-15 14:48:09.2290|0|Microsoft.Hosting.Lifetime|Content root path: C:\Users\elmil\Documents\ChallengeMind\challenge-back\Challenge\Challenge\ 
ERROR|2023-03-15 14:48:10.5313|1|Microsoft.AspNetCore.Diagnostics.DeveloperExceptionPageMiddleware|An unhandled exception has occurred while executing the request. Swashbuckle.AspNetCore.SwaggerGen.SwaggerGeneratorException: Ambiguous HTTP method for action - Challenge.Controllers.MovementsController.AssignUserToTeam (Challenge). Actions require an explicit HttpMethod binding for Swagger/OpenAPI 3.0
   at Swashbuckle.AspNetCore.SwaggerGen.SwaggerGenerator.GenerateOperations(IEnumerable`1 apiDescriptions, SchemaRepository schemaRepository)
   at Swashbuckle.AspNetCore.SwaggerGen.SwaggerGenerator.GeneratePaths(IEnumerable`1 apiDescriptions, SchemaRepository schemaRepository)
   at Swashbuckle.AspNetCore.SwaggerGen.SwaggerGenerator.GetSwagger(String documentName, String host, String basePath)
   at Swashbuckle.AspNetCore.Swagger.SwaggerMiddleware.Invoke(HttpContext httpContext, ISwaggerProvider swaggerProvider)
   at Microsoft.AspNetCore.Diagnostics.DeveloperExceptionPageMiddleware.Invoke(HttpContext context)
DEBUG|2023-03-15 14:50:01.5469|0|Program|init main 
INFO|2023-03-15 14:50:02.2533|14|Microsoft.Hosting.Lifetime|Now listening on: https://localhost:7042 
INFO|2023-03-15 14:50:02.2682|14|Microsoft.Hosting.Lifetime|Now listening on: http://localhost:5042 
INFO|2023-03-15 14:50:02.2700|0|Microsoft.Hosting.Lifetime|Application started. Press Ctrl+C to shut down. 
INFO|2023-03-15 14:50:02.2700|0|Microsoft.Hosting.Lifetime|Hosting environment: Development 
INFO|2023-03-15 14:50:02.2700|0|Microsoft.Hosting.Lifetime|Content root path: C:\Users\elmil\Documents\ChallengeMind\challenge-back\Challenge\Challenge\ 
ERROR|2023-03-15 14:50:03.4304|1|Microsoft.AspNetCore.Diagnostics.DeveloperExceptionPageMiddleware|An unhandled exception has occurred while executing the request. Swashbuckle.AspNetCore.SwaggerGen.SwaggerGeneratorException: Ambiguous HTTP method for action - Challenge.Controllers.MovementsController.AssignUserToTeam (Challenge). Actions require an explicit HttpMethod binding for Swagger/OpenAPI 3.0
   at Swashbuckle.AspNetCore.SwaggerGen.SwaggerGenerator.GenerateOperations(IEnumerable`1 apiDescriptions, SchemaRepository schemaRepository)
   at Swashbuckle.AspNetCore.SwaggerGen.SwaggerGenerator.GeneratePaths(IEnumerable`1 apiDescriptions, SchemaRepository schemaRepository)
   at Swashbuckle.AspNetCore.SwaggerGen.SwaggerGenerator.GetSwagger(String documentName, String host, String basePath)
   at Swashbuckle.AspNetCore.Swagger.SwaggerMiddleware.Invoke(HttpContext httpContext, ISwaggerProvider swaggerProvider)
   at Microsoft.AspNetCore.Diagnostics.DeveloperExceptionPageMiddleware.Invoke(HttpContext context)
DEBUG|2023-03-15 15:09:16.7251|0|Program|init main 
INFO|2023-03-15 15:09:17.6840|14|Microsoft.Hosting.Lifetime|Now listening on: https://localhost:7042 
INFO|2023-03-15 15:09:17.6966|14|Microsoft.Hosting.Lifetime|Now listening on: http://localhost:5042 
INFO|2023-03-15 15:09:17.6966|0|Microsoft.Hosting.Lifetime|Application started. Press Ctrl+C to shut down. 
INFO|2023-03-15 15:09:17.6966|0|Microsoft.Hosting.Lifetime|Hosting environment: Development 
INFO|2023-03-15 15:09:17.6966|0|Microsoft.Hosting.Lifetime|Content root path: C:\Users\elmil\Documents\ChallengeMind\challenge-back\Challenge\Challenge\ 
DEBUG|2023-03-15 15:50:34.9318|0|Program|init main 
INFO|2023-03-15 15:50:36.9840|14|Microsoft.Hosting.Lifetime|Now listening on: https://localhost:7042 
INFO|2023-03-15 15:50:36.9990|14|Microsoft.Hosting.Lifetime|Now listening on: http://localhost:5042 
INFO|2023-03-15 15:50:36.9990|0|Microsoft.Hosting.Lifetime|Application started. Press Ctrl+C to shut down. 
INFO|2023-03-15 15:50:36.9990|0|Microsoft.Hosting.Lifetime|Hosting environment: Development 
INFO|2023-03-15 15:50:36.9990|0|Microsoft.Hosting.Lifetime|Content root path: C:\Users\elmil\Documents\ChallengeMind\challenge-back\Challenge\Challenge\ 
