DEBUG|2023-03-12 00:44:22.6501|0|Program|init main 
INFO|2023-03-12 00:44:23.6355|14|Microsoft.Hosting.Lifetime|Now listening on: https://localhost:7042 
INFO|2023-03-12 00:44:23.6506|14|Microsoft.Hosting.Lifetime|Now listening on: http://localhost:5042 
INFO|2023-03-12 00:44:23.6506|0|Microsoft.Hosting.Lifetime|Application started. Press Ctrl+C to shut down. 
INFO|2023-03-12 00:44:23.6506|0|Microsoft.Hosting.Lifetime|Hosting environment: Development 
INFO|2023-03-12 00:44:23.6506|0|Microsoft.Hosting.Lifetime|Content root path: C:\Users\elmil\Documents\ChallengeMind\challenge-back\Challenge\Challenge\ 
ERROR|2023-03-12 00:44:33.7721|0|Challenge.DataAccess.Services.UsersService|Attempted to perform an unauthorized operation. System.UnauthorizedAccessException: Attempted to perform an unauthorized operation.
   at Challenge.DataAccess.Services.UsersService.GetUserByUserAndPassword(String usuario, String pass) in C:\Users\elmil\Documents\ChallengeMind\challenge-back\Challenge\Challenge\DataAccess\Services\UsersService.cs:line 27
ERROR|2023-03-12 00:44:55.0482|10100|Microsoft.EntityFrameworkCore.Query|An exception occurred while iterating over the results of a query for context type 'Challenge.DataAccess.Repository.Context.ChallengeSystemContext'.
System.Data.SqlTypes.SqlNullValueException: Data is Null. This method or property cannot be called on Null values.
   at Microsoft.Data.SqlClient.SqlBuffer.get_String()
   at lambda_method15(Closure , QueryContext , DbDataReader , ResultContext , SingleQueryResultCoordinator )
   at Microsoft.EntityFrameworkCore.Query.Internal.SingleQueryingEnumerable`1.AsyncEnumerator.MoveNextAsync() System.Data.SqlTypes.SqlNullValueException: Data is Null. This method or property cannot be called on Null values.
   at Microsoft.Data.SqlClient.SqlBuffer.get_String()
   at lambda_method15(Closure , QueryContext , DbDataReader , ResultContext , SingleQueryResultCoordinator )
   at Microsoft.EntityFrameworkCore.Query.Internal.SingleQueryingEnumerable`1.AsyncEnumerator.MoveNextAsync()
ERROR|2023-03-12 00:44:55.1550|0|Challenge.DataAccess.Services.UsersService|Data is Null. This method or property cannot be called on Null values. System.Data.SqlTypes.SqlNullValueException: Data is Null. This method or property cannot be called on Null values.
   at Microsoft.Data.SqlClient.SqlBuffer.get_String()
   at lambda_method15(Closure , QueryContext , DbDataReader , ResultContext , SingleQueryResultCoordinator )
   at Microsoft.EntityFrameworkCore.Query.Internal.SingleQueryingEnumerable`1.AsyncEnumerator.MoveNextAsync()
   at Microsoft.EntityFrameworkCore.Query.ShapedQueryCompilingExpressionVisitor.SingleOrDefaultAsync[TSource](IAsyncEnumerable`1 asyncEnumerable, CancellationToken cancellationToken)
   at Microsoft.EntityFrameworkCore.Query.ShapedQueryCompilingExpressionVisitor.SingleOrDefaultAsync[TSource](IAsyncEnumerable`1 asyncEnumerable, CancellationToken cancellationToken)
   at Challenge.DataAccess.Repository.Repositories.UserRepository.GetUserByUserAndPassword(String usuario, String pass) in C:\Users\elmil\Documents\ChallengeMind\challenge-back\Challenge\Challenge\DataAccess\Repository\Repositories\UserRepository.cs:line 24
   at Challenge.DataAccess.Services.UsersService.GetUserByUserAndPassword(String usuario, String pass) in C:\Users\elmil\Documents\ChallengeMind\challenge-back\Challenge\Challenge\DataAccess\Services\UsersService.cs:line 24
ERROR|2023-03-12 00:44:55.2384|0|Challenge.Controllers.SecurityController|Some error happened please contact Sys Admin 
ERROR|2023-03-12 00:45:03.4766|0|Challenge.DataAccess.Services.UsersService|Attempted to perform an unauthorized operation. System.UnauthorizedAccessException: Attempted to perform an unauthorized operation.
   at Challenge.DataAccess.Services.UsersService.GetUserByUserAndPassword(String usuario, String pass) in C:\Users\elmil\Documents\ChallengeMind\challenge-back\Challenge\Challenge\DataAccess\Services\UsersService.cs:line 27
ERROR|2023-03-12 00:45:10.7074|10100|Microsoft.EntityFrameworkCore.Query|An exception occurred while iterating over the results of a query for context type 'Challenge.DataAccess.Repository.Context.ChallengeSystemContext'.
System.Data.SqlTypes.SqlNullValueException: Data is Null. This method or property cannot be called on Null values.
   at Microsoft.Data.SqlClient.SqlBuffer.get_String()
   at lambda_method15(Closure , QueryContext , DbDataReader , ResultContext , SingleQueryResultCoordinator )
   at Microsoft.EntityFrameworkCore.Query.Internal.SingleQueryingEnumerable`1.AsyncEnumerator.MoveNextAsync() System.Data.SqlTypes.SqlNullValueException: Data is Null. This method or property cannot be called on Null values.
   at Microsoft.Data.SqlClient.SqlBuffer.get_String()
   at lambda_method15(Closure , QueryContext , DbDataReader , ResultContext , SingleQueryResultCoordinator )
   at Microsoft.EntityFrameworkCore.Query.Internal.SingleQueryingEnumerable`1.AsyncEnumerator.MoveNextAsync()
ERROR|2023-03-12 00:45:10.8090|0|Challenge.DataAccess.Services.UsersService|Data is Null. This method or property cannot be called on Null values. System.Data.SqlTypes.SqlNullValueException: Data is Null. This method or property cannot be called on Null values.
   at Microsoft.Data.SqlClient.SqlBuffer.get_String()
   at lambda_method15(Closure , QueryContext , DbDataReader , ResultContext , SingleQueryResultCoordinator )
   at Microsoft.EntityFrameworkCore.Query.Internal.SingleQueryingEnumerable`1.AsyncEnumerator.MoveNextAsync()
   at Microsoft.EntityFrameworkCore.Query.ShapedQueryCompilingExpressionVisitor.SingleOrDefaultAsync[TSource](IAsyncEnumerable`1 asyncEnumerable, CancellationToken cancellationToken)
   at Microsoft.EntityFrameworkCore.Query.ShapedQueryCompilingExpressionVisitor.SingleOrDefaultAsync[TSource](IAsyncEnumerable`1 asyncEnumerable, CancellationToken cancellationToken)
   at Challenge.DataAccess.Repository.Repositories.UserRepository.GetUserByUserAndPassword(String usuario, String pass) in C:\Users\elmil\Documents\ChallengeMind\challenge-back\Challenge\Challenge\DataAccess\Repository\Repositories\UserRepository.cs:line 24
   at Challenge.DataAccess.Services.UsersService.GetUserByUserAndPassword(String usuario, String pass) in C:\Users\elmil\Documents\ChallengeMind\challenge-back\Challenge\Challenge\DataAccess\Services\UsersService.cs:line 24
ERROR|2023-03-12 00:45:10.8818|0|Challenge.Controllers.SecurityController|Some error happened please contact Sys Admin 
ERROR|2023-03-12 00:45:13.9170|10100|Microsoft.EntityFrameworkCore.Query|An exception occurred while iterating over the results of a query for context type 'Challenge.DataAccess.Repository.Context.ChallengeSystemContext'.
System.Data.SqlTypes.SqlNullValueException: Data is Null. This method or property cannot be called on Null values.
   at Microsoft.Data.SqlClient.SqlBuffer.get_String()
   at lambda_method15(Closure , QueryContext , DbDataReader , ResultContext , SingleQueryResultCoordinator )
   at Microsoft.EntityFrameworkCore.Query.Internal.SingleQueryingEnumerable`1.AsyncEnumerator.MoveNextAsync() System.Data.SqlTypes.SqlNullValueException: Data is Null. This method or property cannot be called on Null values.
   at Microsoft.Data.SqlClient.SqlBuffer.get_String()
   at lambda_method15(Closure , QueryContext , DbDataReader , ResultContext , SingleQueryResultCoordinator )
   at Microsoft.EntityFrameworkCore.Query.Internal.SingleQueryingEnumerable`1.AsyncEnumerator.MoveNextAsync()
ERROR|2023-03-12 00:45:13.9839|0|Challenge.DataAccess.Services.UsersService|Data is Null. This method or property cannot be called on Null values. System.Data.SqlTypes.SqlNullValueException: Data is Null. This method or property cannot be called on Null values.
   at Microsoft.Data.SqlClient.SqlBuffer.get_String()
   at lambda_method15(Closure , QueryContext , DbDataReader , ResultContext , SingleQueryResultCoordinator )
   at Microsoft.EntityFrameworkCore.Query.Internal.SingleQueryingEnumerable`1.AsyncEnumerator.MoveNextAsync()
   at Microsoft.EntityFrameworkCore.Query.ShapedQueryCompilingExpressionVisitor.SingleOrDefaultAsync[TSource](IAsyncEnumerable`1 asyncEnumerable, CancellationToken cancellationToken)
   at Microsoft.EntityFrameworkCore.Query.ShapedQueryCompilingExpressionVisitor.SingleOrDefaultAsync[TSource](IAsyncEnumerable`1 asyncEnumerable, CancellationToken cancellationToken)
   at Challenge.DataAccess.Repository.Repositories.UserRepository.GetUserByUserAndPassword(String usuario, String pass) in C:\Users\elmil\Documents\ChallengeMind\challenge-back\Challenge\Challenge\DataAccess\Repository\Repositories\UserRepository.cs:line 24
   at Challenge.DataAccess.Services.UsersService.GetUserByUserAndPassword(String usuario, String pass) in C:\Users\elmil\Documents\ChallengeMind\challenge-back\Challenge\Challenge\DataAccess\Services\UsersService.cs:line 24
ERROR|2023-03-12 00:45:14.0564|0|Challenge.Controllers.SecurityController|Some error happened please contact Sys Admin 
DEBUG|2023-03-12 00:50:52.8894|0|Program|init main 
INFO|2023-03-12 00:50:54.7211|14|Microsoft.Hosting.Lifetime|Now listening on: https://localhost:7042 
INFO|2023-03-12 00:50:54.7498|14|Microsoft.Hosting.Lifetime|Now listening on: http://localhost:5042 
INFO|2023-03-12 00:50:54.7557|0|Microsoft.Hosting.Lifetime|Application started. Press Ctrl+C to shut down. 
INFO|2023-03-12 00:50:54.7557|0|Microsoft.Hosting.Lifetime|Hosting environment: Development 
INFO|2023-03-12 00:50:54.7557|0|Microsoft.Hosting.Lifetime|Content root path: C:\Users\elmil\Documents\ChallengeMind\challenge-back\Challenge\Challenge\ 
ERROR|2023-03-12 00:51:05.6033|0|Challenge.DataAccess.Services.UsersService|Attempted to perform an unauthorized operation. System.UnauthorizedAccessException: Attempted to perform an unauthorized operation.
   at Challenge.DataAccess.Services.UsersService.GetUserByUserAndPassword(String usuario, String pass) in C:\Users\elmil\Documents\ChallengeMind\challenge-back\Challenge\Challenge\DataAccess\Services\UsersService.cs:line 27
ERROR|2023-03-12 00:53:02.2448|0|Challenge.DataAccess.Services.UsersService|Attempted to perform an unauthorized operation. System.UnauthorizedAccessException: Attempted to perform an unauthorized operation.
   at Challenge.DataAccess.Services.UsersService.GetUserByUserAndPassword(String usuario, String pass) in C:\Users\elmil\Documents\ChallengeMind\challenge-back\Challenge\Challenge\DataAccess\Services\UsersService.cs:line 27
ERROR|2023-03-12 00:56:48.4918|10100|Microsoft.EntityFrameworkCore.Query|An exception occurred while iterating over the results of a query for context type 'Challenge.DataAccess.Repository.Context.ChallengeSystemContext'.
System.Data.SqlTypes.SqlNullValueException: Data is Null. This method or property cannot be called on Null values.
   at Microsoft.Data.SqlClient.SqlBuffer.get_String()
   at lambda_method15(Closure , QueryContext , DbDataReader , ResultContext , SingleQueryResultCoordinator )
   at Microsoft.EntityFrameworkCore.Query.Internal.SingleQueryingEnumerable`1.AsyncEnumerator.MoveNextAsync() System.Data.SqlTypes.SqlNullValueException: Data is Null. This method or property cannot be called on Null values.
   at Microsoft.Data.SqlClient.SqlBuffer.get_String()
   at lambda_method15(Closure , QueryContext , DbDataReader , ResultContext , SingleQueryResultCoordinator )
   at Microsoft.EntityFrameworkCore.Query.Internal.SingleQueryingEnumerable`1.AsyncEnumerator.MoveNextAsync()
ERROR|2023-03-12 00:56:48.6184|0|Challenge.DataAccess.Services.UsersService|Data is Null. This method or property cannot be called on Null values. System.Data.SqlTypes.SqlNullValueException: Data is Null. This method or property cannot be called on Null values.
   at Microsoft.Data.SqlClient.SqlBuffer.get_String()
   at lambda_method15(Closure , QueryContext , DbDataReader , ResultContext , SingleQueryResultCoordinator )
   at Microsoft.EntityFrameworkCore.Query.Internal.SingleQueryingEnumerable`1.AsyncEnumerator.MoveNextAsync()
   at Microsoft.EntityFrameworkCore.Query.ShapedQueryCompilingExpressionVisitor.SingleOrDefaultAsync[TSource](IAsyncEnumerable`1 asyncEnumerable, CancellationToken cancellationToken)
   at Microsoft.EntityFrameworkCore.Query.ShapedQueryCompilingExpressionVisitor.SingleOrDefaultAsync[TSource](IAsyncEnumerable`1 asyncEnumerable, CancellationToken cancellationToken)
   at Challenge.DataAccess.Repository.Repositories.UserRepository.GetUserByUserAndPassword(String usuario, String pass) in C:\Users\elmil\Documents\ChallengeMind\challenge-back\Challenge\Challenge\DataAccess\Repository\Repositories\UserRepository.cs:line 24
   at Challenge.DataAccess.Services.UsersService.GetUserByUserAndPassword(String usuario, String pass) in C:\Users\elmil\Documents\ChallengeMind\challenge-back\Challenge\Challenge\DataAccess\Services\UsersService.cs:line 24
ERROR|2023-03-12 00:56:48.7064|0|Challenge.Controllers.SecurityController|Some error happened please contact Sys Admin 
ERROR|2023-03-12 00:57:58.2007|10100|Microsoft.EntityFrameworkCore.Query|An exception occurred while iterating over the results of a query for context type 'Challenge.DataAccess.Repository.Context.ChallengeSystemContext'.
System.Data.SqlTypes.SqlNullValueException: Data is Null. This method or property cannot be called on Null values.
   at Microsoft.Data.SqlClient.SqlBuffer.get_String()
   at lambda_method32(Closure , QueryContext , DbDataReader , ResultContext , SingleQueryResultCoordinator )
   at Microsoft.EntityFrameworkCore.Query.Internal.SingleQueryingEnumerable`1.AsyncEnumerator.MoveNextAsync() System.Data.SqlTypes.SqlNullValueException: Data is Null. This method or property cannot be called on Null values.
   at Microsoft.Data.SqlClient.SqlBuffer.get_String()
   at lambda_method32(Closure , QueryContext , DbDataReader , ResultContext , SingleQueryResultCoordinator )
   at Microsoft.EntityFrameworkCore.Query.Internal.SingleQueryingEnumerable`1.AsyncEnumerator.MoveNextAsync()
ERROR|2023-03-12 00:57:58.2787|0|Challenge.DataAccess.Services.UsersService|Data is Null. This method or property cannot be called on Null values. System.Data.SqlTypes.SqlNullValueException: Data is Null. This method or property cannot be called on Null values.
   at Microsoft.Data.SqlClient.SqlBuffer.get_String()
   at lambda_method32(Closure , QueryContext , DbDataReader , ResultContext , SingleQueryResultCoordinator )
   at Microsoft.EntityFrameworkCore.Query.Internal.SingleQueryingEnumerable`1.AsyncEnumerator.MoveNextAsync()
   at Microsoft.EntityFrameworkCore.Query.ShapedQueryCompilingExpressionVisitor.SingleOrDefaultAsync[TSource](IAsyncEnumerable`1 asyncEnumerable, CancellationToken cancellationToken)
   at Microsoft.EntityFrameworkCore.Query.ShapedQueryCompilingExpressionVisitor.SingleOrDefaultAsync[TSource](IAsyncEnumerable`1 asyncEnumerable, CancellationToken cancellationToken)
   at Challenge.DataAccess.Repository.Repositories.UserRepository.GetUserByUserAndPassword(String usuario, String pass)
   at Challenge.DataAccess.Services.UsersService.GetUserByUserAndPassword(String usuario, String pass)
ERROR|2023-03-12 00:57:58.3524|0|Challenge.Controllers.SecurityController|Some error happened please contact Sys Admin 
ERROR|2023-03-12 00:59:14.1811|10100|Microsoft.EntityFrameworkCore.Query|An exception occurred while iterating over the results of a query for context type 'Challenge.DataAccess.Repository.Context.ChallengeSystemContext'.
System.Data.SqlTypes.SqlNullValueException: Data is Null. This method or property cannot be called on Null values.
   at Microsoft.Data.SqlClient.SqlBuffer.get_String()
   at lambda_method42(Closure , QueryContext , DbDataReader , ResultContext , SingleQueryResultCoordinator )
   at Microsoft.EntityFrameworkCore.Query.Internal.SingleQueryingEnumerable`1.AsyncEnumerator.MoveNextAsync() System.Data.SqlTypes.SqlNullValueException: Data is Null. This method or property cannot be called on Null values.
   at Microsoft.Data.SqlClient.SqlBuffer.get_String()
   at lambda_method42(Closure , QueryContext , DbDataReader , ResultContext , SingleQueryResultCoordinator )
   at Microsoft.EntityFrameworkCore.Query.Internal.SingleQueryingEnumerable`1.AsyncEnumerator.MoveNextAsync()
ERROR|2023-03-12 00:59:14.3079|0|Challenge.DataAccess.Services.UsersService|Data is Null. This method or property cannot be called on Null values. System.Data.SqlTypes.SqlNullValueException: Data is Null. This method or property cannot be called on Null values.
   at Microsoft.Data.SqlClient.SqlBuffer.get_String()
   at lambda_method42(Closure , QueryContext , DbDataReader , ResultContext , SingleQueryResultCoordinator )
   at Microsoft.EntityFrameworkCore.Query.Internal.SingleQueryingEnumerable`1.AsyncEnumerator.MoveNextAsync()
   at Microsoft.EntityFrameworkCore.Query.ShapedQueryCompilingExpressionVisitor.SingleOrDefaultAsync[TSource](IAsyncEnumerable`1 asyncEnumerable, CancellationToken cancellationToken)
   at Microsoft.EntityFrameworkCore.Query.ShapedQueryCompilingExpressionVisitor.SingleOrDefaultAsync[TSource](IAsyncEnumerable`1 asyncEnumerable, CancellationToken cancellationToken)
   at Challenge.DataAccess.Repository.Repositories.UserRepository.GetUserByUserAndPassword(String usuario, String pass)
   at Challenge.DataAccess.Services.UsersService.GetUserByUserAndPassword(String usuario, String pass)
ERROR|2023-03-12 00:59:14.4203|0|Challenge.Controllers.SecurityController|Some error happened please contact Sys Admin 1 
ERROR|2023-03-12 01:00:54.4811|10100|Microsoft.EntityFrameworkCore.Query|An exception occurred while iterating over the results of a query for context type 'Challenge.DataAccess.Repository.Context.ChallengeSystemContext'.
System.Data.SqlTypes.SqlNullValueException: Data is Null. This method or property cannot be called on Null values.
   at Microsoft.Data.SqlClient.SqlBuffer.get_String()
   at lambda_method42(Closure , QueryContext , DbDataReader , ResultContext , SingleQueryResultCoordinator )
   at Microsoft.EntityFrameworkCore.Query.Internal.SingleQueryingEnumerable`1.AsyncEnumerator.MoveNextAsync() System.Data.SqlTypes.SqlNullValueException: Data is Null. This method or property cannot be called on Null values.
   at Microsoft.Data.SqlClient.SqlBuffer.get_String()
   at lambda_method42(Closure , QueryContext , DbDataReader , ResultContext , SingleQueryResultCoordinator )
   at Microsoft.EntityFrameworkCore.Query.Internal.SingleQueryingEnumerable`1.AsyncEnumerator.MoveNextAsync()
ERROR|2023-03-12 01:00:54.5791|0|Challenge.DataAccess.Services.UsersService|Data is Null. This method or property cannot be called on Null values. System.Data.SqlTypes.SqlNullValueException: Data is Null. This method or property cannot be called on Null values.
   at Microsoft.Data.SqlClient.SqlBuffer.get_String()
   at lambda_method42(Closure , QueryContext , DbDataReader , ResultContext , SingleQueryResultCoordinator )
   at Microsoft.EntityFrameworkCore.Query.Internal.SingleQueryingEnumerable`1.AsyncEnumerator.MoveNextAsync()
   at Microsoft.EntityFrameworkCore.Query.ShapedQueryCompilingExpressionVisitor.SingleOrDefaultAsync[TSource](IAsyncEnumerable`1 asyncEnumerable, CancellationToken cancellationToken)
   at Microsoft.EntityFrameworkCore.Query.ShapedQueryCompilingExpressionVisitor.SingleOrDefaultAsync[TSource](IAsyncEnumerable`1 asyncEnumerable, CancellationToken cancellationToken)
   at Challenge.DataAccess.Repository.Repositories.UserRepository.GetUserByUserAndPassword(String usuario, String pass)
   at Challenge.DataAccess.Services.UsersService.GetUserByUserAndPassword(String usuario, String pass)
ERROR|2023-03-12 01:00:54.6762|0|Challenge.Controllers.SecurityController|Some error happened please contact Sys Admin 1 
DEBUG|2023-03-12 01:01:41.3190|0|Program|init main 
INFO|2023-03-12 01:01:42.4774|14|Microsoft.Hosting.Lifetime|Now listening on: https://localhost:7042 
INFO|2023-03-12 01:01:42.4943|14|Microsoft.Hosting.Lifetime|Now listening on: http://localhost:5042 
INFO|2023-03-12 01:01:42.4943|0|Microsoft.Hosting.Lifetime|Application started. Press Ctrl+C to shut down. 
INFO|2023-03-12 01:01:42.4943|0|Microsoft.Hosting.Lifetime|Hosting environment: Development 
INFO|2023-03-12 01:01:42.4943|0|Microsoft.Hosting.Lifetime|Content root path: C:\Users\elmil\Documents\ChallengeMind\challenge-back\Challenge\Challenge\ 
ERROR|2023-03-12 01:02:39.8574|10100|Microsoft.EntityFrameworkCore.Query|An exception occurred while iterating over the results of a query for context type 'Challenge.DataAccess.Repository.Context.ChallengeSystemContext'.
System.Data.SqlTypes.SqlNullValueException: Data is Null. This method or property cannot be called on Null values.
   at Microsoft.Data.SqlClient.SqlBuffer.get_String()
   at lambda_method15(Closure , QueryContext , DbDataReader , ResultContext , SingleQueryResultCoordinator )
   at Microsoft.EntityFrameworkCore.Query.Internal.SingleQueryingEnumerable`1.AsyncEnumerator.MoveNextAsync() System.Data.SqlTypes.SqlNullValueException: Data is Null. This method or property cannot be called on Null values.
   at Microsoft.Data.SqlClient.SqlBuffer.get_String()
   at lambda_method15(Closure , QueryContext , DbDataReader , ResultContext , SingleQueryResultCoordinator )
   at Microsoft.EntityFrameworkCore.Query.Internal.SingleQueryingEnumerable`1.AsyncEnumerator.MoveNextAsync()
ERROR|2023-03-12 01:02:40.1385|0|Challenge.DataAccess.Services.UsersService|Data is Null. This method or property cannot be called on Null values. System.Data.SqlTypes.SqlNullValueException: Data is Null. This method or property cannot be called on Null values.
   at Microsoft.Data.SqlClient.SqlBuffer.get_String()
   at lambda_method15(Closure , QueryContext , DbDataReader , ResultContext , SingleQueryResultCoordinator )
   at Microsoft.EntityFrameworkCore.Query.Internal.SingleQueryingEnumerable`1.AsyncEnumerator.MoveNextAsync()
   at Microsoft.EntityFrameworkCore.Query.ShapedQueryCompilingExpressionVisitor.SingleOrDefaultAsync[TSource](IAsyncEnumerable`1 asyncEnumerable, CancellationToken cancellationToken)
   at Microsoft.EntityFrameworkCore.Query.ShapedQueryCompilingExpressionVisitor.SingleOrDefaultAsync[TSource](IAsyncEnumerable`1 asyncEnumerable, CancellationToken cancellationToken)
   at Challenge.DataAccess.Repository.Repositories.UserRepository.GetUserByUserAndPassword(String usuario, String pass) in C:\Users\elmil\Documents\ChallengeMind\challenge-back\Challenge\Challenge\DataAccess\Repository\Repositories\UserRepository.cs:line 24
   at Challenge.DataAccess.Services.UsersService.GetUserByUserAndPassword(String usuario, String pass) in C:\Users\elmil\Documents\ChallengeMind\challenge-back\Challenge\Challenge\DataAccess\Services\UsersService.cs:line 24
ERROR|2023-03-12 01:02:40.2792|0|Challenge.Controllers.SecurityController|Some error happened please contact Sys Admin 1 
ERROR|2023-03-12 01:03:54.4290|10100|Microsoft.EntityFrameworkCore.Query|An exception occurred while iterating over the results of a query for context type 'Challenge.DataAccess.Repository.Context.ChallengeSystemContext'.
System.Data.SqlTypes.SqlNullValueException: Data is Null. This method or property cannot be called on Null values.
   at Microsoft.Data.SqlClient.SqlBuffer.get_String()
   at lambda_method32(Closure , QueryContext , DbDataReader , ResultContext , SingleQueryResultCoordinator )
   at Microsoft.EntityFrameworkCore.Query.Internal.SingleQueryingEnumerable`1.AsyncEnumerator.MoveNextAsync() System.Data.SqlTypes.SqlNullValueException: Data is Null. This method or property cannot be called on Null values.
   at Microsoft.Data.SqlClient.SqlBuffer.get_String()
   at lambda_method32(Closure , QueryContext , DbDataReader , ResultContext , SingleQueryResultCoordinator )
   at Microsoft.EntityFrameworkCore.Query.Internal.SingleQueryingEnumerable`1.AsyncEnumerator.MoveNextAsync()
ERROR|2023-03-12 01:03:54.5660|0|Challenge.DataAccess.Services.UsersService|Data is Null. This method or property cannot be called on Null values. System.Data.SqlTypes.SqlNullValueException: Data is Null. This method or property cannot be called on Null values.
   at Microsoft.Data.SqlClient.SqlBuffer.get_String()
   at lambda_method32(Closure , QueryContext , DbDataReader , ResultContext , SingleQueryResultCoordinator )
   at Microsoft.EntityFrameworkCore.Query.Internal.SingleQueryingEnumerable`1.AsyncEnumerator.MoveNextAsync()
   at Microsoft.EntityFrameworkCore.Query.ShapedQueryCompilingExpressionVisitor.SingleOrDefaultAsync[TSource](IAsyncEnumerable`1 asyncEnumerable, CancellationToken cancellationToken)
   at Microsoft.EntityFrameworkCore.Query.ShapedQueryCompilingExpressionVisitor.SingleOrDefaultAsync[TSource](IAsyncEnumerable`1 asyncEnumerable, CancellationToken cancellationToken)
   at Challenge.DataAccess.Repository.Repositories.UserRepository.GetUserByUserAndPassword(String usuario, String pass)
   at Challenge.DataAccess.Services.UsersService.GetUserByUserAndPassword(String usuario, String pass)
ERROR|2023-03-12 01:03:54.6773|0|Challenge.Controllers.SecurityController|Some error happened please contact Sys Admin 1 
ERROR|2023-03-12 01:04:58.7549|10100|Microsoft.EntityFrameworkCore.Query|An exception occurred while iterating over the results of a query for context type 'Challenge.DataAccess.Repository.Context.ChallengeSystemContext'.
System.Data.SqlTypes.SqlNullValueException: Data is Null. This method or property cannot be called on Null values.
   at Microsoft.Data.SqlClient.SqlBuffer.get_String()
   at lambda_method42(Closure , QueryContext , DbDataReader , ResultContext , SingleQueryResultCoordinator )
   at Microsoft.EntityFrameworkCore.Query.Internal.SingleQueryingEnumerable`1.AsyncEnumerator.MoveNextAsync() System.Data.SqlTypes.SqlNullValueException: Data is Null. This method or property cannot be called on Null values.
   at Microsoft.Data.SqlClient.SqlBuffer.get_String()
   at lambda_method42(Closure , QueryContext , DbDataReader , ResultContext , SingleQueryResultCoordinator )
   at Microsoft.EntityFrameworkCore.Query.Internal.SingleQueryingEnumerable`1.AsyncEnumerator.MoveNextAsync()
ERROR|2023-03-12 01:04:58.8561|0|Challenge.DataAccess.Services.UsersService|Data is Null. This method or property cannot be called on Null values. System.Data.SqlTypes.SqlNullValueException: Data is Null. This method or property cannot be called on Null values.
   at Microsoft.Data.SqlClient.SqlBuffer.get_String()
   at lambda_method42(Closure , QueryContext , DbDataReader , ResultContext , SingleQueryResultCoordinator )
   at Microsoft.EntityFrameworkCore.Query.Internal.SingleQueryingEnumerable`1.AsyncEnumerator.MoveNextAsync()
   at Microsoft.EntityFrameworkCore.Query.ShapedQueryCompilingExpressionVisitor.SingleOrDefaultAsync[TSource](IAsyncEnumerable`1 asyncEnumerable, CancellationToken cancellationToken)
   at Microsoft.EntityFrameworkCore.Query.ShapedQueryCompilingExpressionVisitor.SingleOrDefaultAsync[TSource](IAsyncEnumerable`1 asyncEnumerable, CancellationToken cancellationToken)
   at Challenge.DataAccess.Repository.Repositories.UserRepository.GetUserByUserAndPassword(String usuario, String pass)
   at Challenge.DataAccess.Services.UsersService.GetUserByUserAndPassword(String usuario, String pass)
ERROR|2023-03-12 01:04:58.9379|0|Challenge.Controllers.SecurityController|Some error happened please contact Sys Admin 1 
DEBUG|2023-03-12 01:13:28.8854|0|Program|init main 
INFO|2023-03-12 01:13:30.7313|14|Microsoft.Hosting.Lifetime|Now listening on: https://localhost:7042 
INFO|2023-03-12 01:13:30.7560|14|Microsoft.Hosting.Lifetime|Now listening on: http://localhost:5042 
INFO|2023-03-12 01:13:30.7560|0|Microsoft.Hosting.Lifetime|Application started. Press Ctrl+C to shut down. 
INFO|2023-03-12 01:13:30.7560|0|Microsoft.Hosting.Lifetime|Hosting environment: Development 
INFO|2023-03-12 01:13:30.7560|0|Microsoft.Hosting.Lifetime|Content root path: C:\Users\elmil\Documents\ChallengeMind\challenge-back\Challenge\Challenge\ 
ERROR|2023-03-12 01:14:00.7974|10100|Microsoft.EntityFrameworkCore.Query|An exception occurred while iterating over the results of a query for context type 'Challenge.DataAccess.Repository.Context.ChallengeSystemContext'.
System.Data.SqlTypes.SqlNullValueException: Data is Null. This method or property cannot be called on Null values.
   at Microsoft.Data.SqlClient.SqlBuffer.get_String()
   at lambda_method15(Closure , QueryContext , DbDataReader , ResultContext , SingleQueryResultCoordinator )
   at Microsoft.EntityFrameworkCore.Query.Internal.SingleQueryingEnumerable`1.AsyncEnumerator.MoveNextAsync() System.Data.SqlTypes.SqlNullValueException: Data is Null. This method or property cannot be called on Null values.
   at Microsoft.Data.SqlClient.SqlBuffer.get_String()
   at lambda_method15(Closure , QueryContext , DbDataReader , ResultContext , SingleQueryResultCoordinator )
   at Microsoft.EntityFrameworkCore.Query.Internal.SingleQueryingEnumerable`1.AsyncEnumerator.MoveNextAsync()
ERROR|2023-03-12 01:14:01.1012|0|Challenge.DataAccess.Services.UsersService|Data is Null. This method or property cannot be called on Null values. System.Data.SqlTypes.SqlNullValueException: Data is Null. This method or property cannot be called on Null values.
   at Microsoft.Data.SqlClient.SqlBuffer.get_String()
   at lambda_method15(Closure , QueryContext , DbDataReader , ResultContext , SingleQueryResultCoordinator )
   at Microsoft.EntityFrameworkCore.Query.Internal.SingleQueryingEnumerable`1.AsyncEnumerator.MoveNextAsync()
   at Microsoft.EntityFrameworkCore.Query.ShapedQueryCompilingExpressionVisitor.SingleOrDefaultAsync[TSource](IAsyncEnumerable`1 asyncEnumerable, CancellationToken cancellationToken)
   at Microsoft.EntityFrameworkCore.Query.ShapedQueryCompilingExpressionVisitor.SingleOrDefaultAsync[TSource](IAsyncEnumerable`1 asyncEnumerable, CancellationToken cancellationToken)
   at Challenge.DataAccess.Repository.Repositories.UserRepository.GetUserByUserAndPassword(String usuario, String pass) in C:\Users\elmil\Documents\ChallengeMind\challenge-back\Challenge\Challenge\DataAccess\Repository\Repositories\UserRepository.cs:line 24
   at Challenge.DataAccess.Services.UsersService.GetUserByUserAndPassword(String usuario, String pass) in C:\Users\elmil\Documents\ChallengeMind\challenge-back\Challenge\Challenge\DataAccess\Services\UsersService.cs:line 24
ERROR|2023-03-12 01:14:01.2478|0|Challenge.Controllers.SecurityController|Some error happened please contact Sys Admin 
DEBUG|2023-03-12 01:17:39.3996|0|Program|init main 
INFO|2023-03-12 01:17:40.4768|14|Microsoft.Hosting.Lifetime|Now listening on: https://localhost:7042 
INFO|2023-03-12 01:17:40.4957|14|Microsoft.Hosting.Lifetime|Now listening on: http://localhost:5042 
INFO|2023-03-12 01:17:40.4957|0|Microsoft.Hosting.Lifetime|Application started. Press Ctrl+C to shut down. 
INFO|2023-03-12 01:17:40.4957|0|Microsoft.Hosting.Lifetime|Hosting environment: Development 
INFO|2023-03-12 01:17:40.5012|0|Microsoft.Hosting.Lifetime|Content root path: C:\Users\elmil\Documents\ChallengeMind\challenge-back\Challenge\Challenge\ 
ERROR|2023-03-12 01:18:07.9519|10100|Microsoft.EntityFrameworkCore.Query|An exception occurred while iterating over the results of a query for context type 'Challenge.DataAccess.Repository.Context.ChallengeSystemContext'.
System.Data.SqlTypes.SqlNullValueException: Data is Null. This method or property cannot be called on Null values.
   at Microsoft.Data.SqlClient.SqlBuffer.get_String()
   at lambda_method15(Closure , QueryContext , DbDataReader , ResultContext , SingleQueryResultCoordinator )
   at Microsoft.EntityFrameworkCore.Query.Internal.SingleQueryingEnumerable`1.AsyncEnumerator.MoveNextAsync() System.Data.SqlTypes.SqlNullValueException: Data is Null. This method or property cannot be called on Null values.
   at Microsoft.Data.SqlClient.SqlBuffer.get_String()
   at lambda_method15(Closure , QueryContext , DbDataReader , ResultContext , SingleQueryResultCoordinator )
   at Microsoft.EntityFrameworkCore.Query.Internal.SingleQueryingEnumerable`1.AsyncEnumerator.MoveNextAsync()
ERROR|2023-03-12 01:18:08.1871|0|Challenge.DataAccess.Services.UsersService|Data is Null. This method or property cannot be called on Null values. System.Data.SqlTypes.SqlNullValueException: Data is Null. This method or property cannot be called on Null values.
   at Microsoft.Data.SqlClient.SqlBuffer.get_String()
   at lambda_method15(Closure , QueryContext , DbDataReader , ResultContext , SingleQueryResultCoordinator )
   at Microsoft.EntityFrameworkCore.Query.Internal.SingleQueryingEnumerable`1.AsyncEnumerator.MoveNextAsync()
   at Microsoft.EntityFrameworkCore.Query.ShapedQueryCompilingExpressionVisitor.SingleOrDefaultAsync[TSource](IAsyncEnumerable`1 asyncEnumerable, CancellationToken cancellationToken)
   at Microsoft.EntityFrameworkCore.Query.ShapedQueryCompilingExpressionVisitor.SingleOrDefaultAsync[TSource](IAsyncEnumerable`1 asyncEnumerable, CancellationToken cancellationToken)
   at Challenge.DataAccess.Repository.Repositories.UserRepository.GetUserByUserAndPassword(String usuario, String pass) in C:\Users\elmil\Documents\ChallengeMind\challenge-back\Challenge\Challenge\DataAccess\Repository\Repositories\UserRepository.cs:line 24
   at Challenge.DataAccess.Services.UsersService.GetUserByUserAndPassword(String usuario, String pass) in C:\Users\elmil\Documents\ChallengeMind\challenge-back\Challenge\Challenge\DataAccess\Services\UsersService.cs:line 24
ERROR|2023-03-12 01:18:08.2862|0|Challenge.Controllers.SecurityController|Some error happened please contact Sys Admin 
DEBUG|2023-03-12 01:19:18.2195|0|Program|init main 
INFO|2023-03-12 01:19:19.6692|14|Microsoft.Hosting.Lifetime|Now listening on: https://localhost:7042 
INFO|2023-03-12 01:19:19.6967|14|Microsoft.Hosting.Lifetime|Now listening on: http://localhost:5042 
INFO|2023-03-12 01:19:19.6967|0|Microsoft.Hosting.Lifetime|Application started. Press Ctrl+C to shut down. 
INFO|2023-03-12 01:19:19.7039|0|Microsoft.Hosting.Lifetime|Hosting environment: Development 
INFO|2023-03-12 01:19:19.7039|0|Microsoft.Hosting.Lifetime|Content root path: C:\Users\elmil\Documents\ChallengeMind\challenge-back\Challenge\Challenge\ 
ERROR|2023-03-12 01:19:50.7030|0|Challenge.DataAccess.Services.UsersService|Attempted to perform an unauthorized operation. System.UnauthorizedAccessException: Attempted to perform an unauthorized operation.
   at Challenge.DataAccess.Services.UsersService.GetUserByUserAndPassword(String usuario, String pass) in C:\Users\elmil\Documents\ChallengeMind\challenge-back\Challenge\Challenge\DataAccess\Services\UsersService.cs:line 27
ERROR|2023-03-12 01:21:03.0416|10100|Microsoft.EntityFrameworkCore.Query|An exception occurred while iterating over the results of a query for context type 'Challenge.DataAccess.Repository.Context.ChallengeSystemContext'.
System.Data.SqlTypes.SqlNullValueException: Data is Null. This method or property cannot be called on Null values.
   at Microsoft.Data.SqlClient.SqlBuffer.get_String()
   at lambda_method15(Closure , QueryContext , DbDataReader , ResultContext , SingleQueryResultCoordinator )
   at Microsoft.EntityFrameworkCore.Query.Internal.SingleQueryingEnumerable`1.AsyncEnumerator.MoveNextAsync() System.Data.SqlTypes.SqlNullValueException: Data is Null. This method or property cannot be called on Null values.
   at Microsoft.Data.SqlClient.SqlBuffer.get_String()
   at lambda_method15(Closure , QueryContext , DbDataReader , ResultContext , SingleQueryResultCoordinator )
   at Microsoft.EntityFrameworkCore.Query.Internal.SingleQueryingEnumerable`1.AsyncEnumerator.MoveNextAsync()
ERROR|2023-03-12 01:21:03.1820|0|Challenge.DataAccess.Services.UsersService|Data is Null. This method or property cannot be called on Null values. System.Data.SqlTypes.SqlNullValueException: Data is Null. This method or property cannot be called on Null values.
   at Microsoft.Data.SqlClient.SqlBuffer.get_String()
   at lambda_method15(Closure , QueryContext , DbDataReader , ResultContext , SingleQueryResultCoordinator )
   at Microsoft.EntityFrameworkCore.Query.Internal.SingleQueryingEnumerable`1.AsyncEnumerator.MoveNextAsync()
   at Microsoft.EntityFrameworkCore.Query.ShapedQueryCompilingExpressionVisitor.SingleOrDefaultAsync[TSource](IAsyncEnumerable`1 asyncEnumerable, CancellationToken cancellationToken)
   at Microsoft.EntityFrameworkCore.Query.ShapedQueryCompilingExpressionVisitor.SingleOrDefaultAsync[TSource](IAsyncEnumerable`1 asyncEnumerable, CancellationToken cancellationToken)
   at Challenge.DataAccess.Repository.Repositories.UserRepository.GetUserByUserAndPassword(String usuario, String pass) in C:\Users\elmil\Documents\ChallengeMind\challenge-back\Challenge\Challenge\DataAccess\Repository\Repositories\UserRepository.cs:line 24
   at Challenge.DataAccess.Services.UsersService.GetUserByUserAndPassword(String usuario, String pass) in C:\Users\elmil\Documents\ChallengeMind\challenge-back\Challenge\Challenge\DataAccess\Services\UsersService.cs:line 24
DEBUG|2023-03-12 01:21:55.6969|0|Program|init main 
INFO|2023-03-12 01:21:57.2885|14|Microsoft.Hosting.Lifetime|Now listening on: https://localhost:7042 
INFO|2023-03-12 01:21:57.3122|14|Microsoft.Hosting.Lifetime|Now listening on: http://localhost:5042 
INFO|2023-03-12 01:21:57.3156|0|Microsoft.Hosting.Lifetime|Application started. Press Ctrl+C to shut down. 
INFO|2023-03-12 01:21:57.3156|0|Microsoft.Hosting.Lifetime|Hosting environment: Development 
INFO|2023-03-12 01:21:57.3156|0|Microsoft.Hosting.Lifetime|Content root path: C:\Users\elmil\Documents\ChallengeMind\challenge-back\Challenge\Challenge\ 
ERROR|2023-03-12 01:22:53.6699|10100|Microsoft.EntityFrameworkCore.Query|An exception occurred while iterating over the results of a query for context type 'Challenge.DataAccess.Repository.Context.ChallengeSystemContext'.
System.Data.SqlTypes.SqlNullValueException: Data is Null. This method or property cannot be called on Null values.
   at Microsoft.Data.SqlClient.SqlBuffer.get_String()
   at lambda_method15(Closure , QueryContext , DbDataReader , ResultContext , SingleQueryResultCoordinator )
   at Microsoft.EntityFrameworkCore.Query.Internal.SingleQueryingEnumerable`1.AsyncEnumerator.MoveNextAsync() System.Data.SqlTypes.SqlNullValueException: Data is Null. This method or property cannot be called on Null values.
   at Microsoft.Data.SqlClient.SqlBuffer.get_String()
   at lambda_method15(Closure , QueryContext , DbDataReader , ResultContext , SingleQueryResultCoordinator )
   at Microsoft.EntityFrameworkCore.Query.Internal.SingleQueryingEnumerable`1.AsyncEnumerator.MoveNextAsync()
ERROR|2023-03-12 01:22:54.0257|0|Challenge.DataAccess.Services.UsersService|Data is Null. This method or property cannot be called on Null values. System.Data.SqlTypes.SqlNullValueException: Data is Null. This method or property cannot be called on Null values.
   at Microsoft.Data.SqlClient.SqlBuffer.get_String()
   at lambda_method15(Closure , QueryContext , DbDataReader , ResultContext , SingleQueryResultCoordinator )
   at Microsoft.EntityFrameworkCore.Query.Internal.SingleQueryingEnumerable`1.AsyncEnumerator.MoveNextAsync()
   at Microsoft.EntityFrameworkCore.Query.ShapedQueryCompilingExpressionVisitor.SingleOrDefaultAsync[TSource](IAsyncEnumerable`1 asyncEnumerable, CancellationToken cancellationToken)
   at Microsoft.EntityFrameworkCore.Query.ShapedQueryCompilingExpressionVisitor.SingleOrDefaultAsync[TSource](IAsyncEnumerable`1 asyncEnumerable, CancellationToken cancellationToken)
   at Challenge.DataAccess.Repository.Repositories.UserRepository.GetUserByUserAndPassword(String usuario, String pass) in C:\Users\elmil\Documents\ChallengeMind\challenge-back\Challenge\Challenge\DataAccess\Repository\Repositories\UserRepository.cs:line 24
   at Challenge.DataAccess.Services.UsersService.GetUserByUserAndPassword(String usuario, String pass) in C:\Users\elmil\Documents\ChallengeMind\challenge-back\Challenge\Challenge\DataAccess\Services\UsersService.cs:line 24
ERROR|2023-03-12 01:22:54.1776|0|Challenge.Controllers.SecurityController|Some error happened please contact Sys Admin 
ERROR|2023-03-12 01:23:48.3853|10100|Microsoft.EntityFrameworkCore.Query|An exception occurred while iterating over the results of a query for context type 'Challenge.DataAccess.Repository.Context.ChallengeSystemContext'.
System.Data.SqlTypes.SqlNullValueException: Data is Null. This method or property cannot be called on Null values.
   at Microsoft.Data.SqlClient.SqlBuffer.get_String()
   at lambda_method15(Closure , QueryContext , DbDataReader , ResultContext , SingleQueryResultCoordinator )
   at Microsoft.EntityFrameworkCore.Query.Internal.SingleQueryingEnumerable`1.AsyncEnumerator.MoveNextAsync() System.Data.SqlTypes.SqlNullValueException: Data is Null. This method or property cannot be called on Null values.
   at Microsoft.Data.SqlClient.SqlBuffer.get_String()
   at lambda_method15(Closure , QueryContext , DbDataReader , ResultContext , SingleQueryResultCoordinator )
   at Microsoft.EntityFrameworkCore.Query.Internal.SingleQueryingEnumerable`1.AsyncEnumerator.MoveNextAsync()
ERROR|2023-03-12 01:23:48.4964|0|Challenge.DataAccess.Services.UsersService|Data is Null. This method or property cannot be called on Null values. System.Data.SqlTypes.SqlNullValueException: Data is Null. This method or property cannot be called on Null values.
   at Microsoft.Data.SqlClient.SqlBuffer.get_String()
   at lambda_method15(Closure , QueryContext , DbDataReader , ResultContext , SingleQueryResultCoordinator )
   at Microsoft.EntityFrameworkCore.Query.Internal.SingleQueryingEnumerable`1.AsyncEnumerator.MoveNextAsync()
   at Microsoft.EntityFrameworkCore.Query.ShapedQueryCompilingExpressionVisitor.SingleOrDefaultAsync[TSource](IAsyncEnumerable`1 asyncEnumerable, CancellationToken cancellationToken)
   at Microsoft.EntityFrameworkCore.Query.ShapedQueryCompilingExpressionVisitor.SingleOrDefaultAsync[TSource](IAsyncEnumerable`1 asyncEnumerable, CancellationToken cancellationToken)
   at Challenge.DataAccess.Repository.Repositories.UserRepository.GetUserByUserAndPassword(String usuario, String pass) in C:\Users\elmil\Documents\ChallengeMind\challenge-back\Challenge\Challenge\DataAccess\Repository\Repositories\UserRepository.cs:line 24
   at Challenge.DataAccess.Services.UsersService.GetUserByUserAndPassword(String usuario, String pass) in C:\Users\elmil\Documents\ChallengeMind\challenge-back\Challenge\Challenge\DataAccess\Services\UsersService.cs:line 24
ERROR|2023-03-12 01:23:48.5865|0|Challenge.Controllers.SecurityController|Some error happened please contact Sys Admin 
ERROR|2023-03-12 01:24:19.7848|10100|Microsoft.EntityFrameworkCore.Query|An exception occurred while iterating over the results of a query for context type 'Challenge.DataAccess.Repository.Context.ChallengeSystemContext'.
System.Data.SqlTypes.SqlNullValueException: Data is Null. This method or property cannot be called on Null values.
   at Microsoft.Data.SqlClient.SqlBuffer.get_String()
   at lambda_method15(Closure , QueryContext , DbDataReader , ResultContext , SingleQueryResultCoordinator )
   at Microsoft.EntityFrameworkCore.Query.Internal.SingleQueryingEnumerable`1.AsyncEnumerator.MoveNextAsync() System.Data.SqlTypes.SqlNullValueException: Data is Null. This method or property cannot be called on Null values.
   at Microsoft.Data.SqlClient.SqlBuffer.get_String()
   at lambda_method15(Closure , QueryContext , DbDataReader , ResultContext , SingleQueryResultCoordinator )
   at Microsoft.EntityFrameworkCore.Query.Internal.SingleQueryingEnumerable`1.AsyncEnumerator.MoveNextAsync()
ERROR|2023-03-12 01:24:19.9081|0|Challenge.DataAccess.Services.UsersService|Data is Null. This method or property cannot be called on Null values. System.Data.SqlTypes.SqlNullValueException: Data is Null. This method or property cannot be called on Null values.
   at Microsoft.Data.SqlClient.SqlBuffer.get_String()
   at lambda_method15(Closure , QueryContext , DbDataReader , ResultContext , SingleQueryResultCoordinator )
   at Microsoft.EntityFrameworkCore.Query.Internal.SingleQueryingEnumerable`1.AsyncEnumerator.MoveNextAsync()
   at Microsoft.EntityFrameworkCore.Query.ShapedQueryCompilingExpressionVisitor.SingleOrDefaultAsync[TSource](IAsyncEnumerable`1 asyncEnumerable, CancellationToken cancellationToken)
   at Microsoft.EntityFrameworkCore.Query.ShapedQueryCompilingExpressionVisitor.SingleOrDefaultAsync[TSource](IAsyncEnumerable`1 asyncEnumerable, CancellationToken cancellationToken)
   at Challenge.DataAccess.Repository.Repositories.UserRepository.GetUserByUserAndPassword(String usuario, String pass) in C:\Users\elmil\Documents\ChallengeMind\challenge-back\Challenge\Challenge\DataAccess\Repository\Repositories\UserRepository.cs:line 24
   at Challenge.DataAccess.Services.UsersService.GetUserByUserAndPassword(String usuario, String pass) in C:\Users\elmil\Documents\ChallengeMind\challenge-back\Challenge\Challenge\DataAccess\Services\UsersService.cs:line 24
ERROR|2023-03-12 01:25:39.4147|0|Challenge.Controllers.SecurityController|Some error happened please contact Sys Admin 
ERROR|2023-03-12 01:25:56.9483|10100|Microsoft.EntityFrameworkCore.Query|An exception occurred while iterating over the results of a query for context type 'Challenge.DataAccess.Repository.Context.ChallengeSystemContext'.
System.Data.SqlTypes.SqlNullValueException: Data is Null. This method or property cannot be called on Null values.
   at Microsoft.Data.SqlClient.SqlBuffer.get_String()
   at lambda_method15(Closure , QueryContext , DbDataReader , ResultContext , SingleQueryResultCoordinator )
   at Microsoft.EntityFrameworkCore.Query.Internal.SingleQueryingEnumerable`1.AsyncEnumerator.MoveNextAsync() System.Data.SqlTypes.SqlNullValueException: Data is Null. This method or property cannot be called on Null values.
   at Microsoft.Data.SqlClient.SqlBuffer.get_String()
   at lambda_method15(Closure , QueryContext , DbDataReader , ResultContext , SingleQueryResultCoordinator )
   at Microsoft.EntityFrameworkCore.Query.Internal.SingleQueryingEnumerable`1.AsyncEnumerator.MoveNextAsync()
ERROR|2023-03-12 01:25:57.0490|0|Challenge.DataAccess.Services.UsersService|Data is Null. This method or property cannot be called on Null values. System.Data.SqlTypes.SqlNullValueException: Data is Null. This method or property cannot be called on Null values.
   at Microsoft.Data.SqlClient.SqlBuffer.get_String()
   at lambda_method15(Closure , QueryContext , DbDataReader , ResultContext , SingleQueryResultCoordinator )
   at Microsoft.EntityFrameworkCore.Query.Internal.SingleQueryingEnumerable`1.AsyncEnumerator.MoveNextAsync()
   at Microsoft.EntityFrameworkCore.Query.ShapedQueryCompilingExpressionVisitor.SingleOrDefaultAsync[TSource](IAsyncEnumerable`1 asyncEnumerable, CancellationToken cancellationToken)
   at Microsoft.EntityFrameworkCore.Query.ShapedQueryCompilingExpressionVisitor.SingleOrDefaultAsync[TSource](IAsyncEnumerable`1 asyncEnumerable, CancellationToken cancellationToken)
   at Challenge.DataAccess.Repository.Repositories.UserRepository.GetUserByUserAndPassword(String usuario, String pass) in C:\Users\elmil\Documents\ChallengeMind\challenge-back\Challenge\Challenge\DataAccess\Repository\Repositories\UserRepository.cs:line 24
   at Challenge.DataAccess.Services.UsersService.GetUserByUserAndPassword(String usuario, String pass) in C:\Users\elmil\Documents\ChallengeMind\challenge-back\Challenge\Challenge\DataAccess\Services\UsersService.cs:line 24
ERROR|2023-03-12 01:25:57.1228|0|Challenge.Controllers.SecurityController|Some error happened please contact Sys Admin 
ERROR|2023-03-12 01:26:01.3027|10100|Microsoft.EntityFrameworkCore.Query|An exception occurred while iterating over the results of a query for context type 'Challenge.DataAccess.Repository.Context.ChallengeSystemContext'.
System.Data.SqlTypes.SqlNullValueException: Data is Null. This method or property cannot be called on Null values.
   at Microsoft.Data.SqlClient.SqlBuffer.get_String()
   at lambda_method15(Closure , QueryContext , DbDataReader , ResultContext , SingleQueryResultCoordinator )
   at Microsoft.EntityFrameworkCore.Query.Internal.SingleQueryingEnumerable`1.AsyncEnumerator.MoveNextAsync() System.Data.SqlTypes.SqlNullValueException: Data is Null. This method or property cannot be called on Null values.
   at Microsoft.Data.SqlClient.SqlBuffer.get_String()
   at lambda_method15(Closure , QueryContext , DbDataReader , ResultContext , SingleQueryResultCoordinator )
   at Microsoft.EntityFrameworkCore.Query.Internal.SingleQueryingEnumerable`1.AsyncEnumerator.MoveNextAsync()
ERROR|2023-03-12 01:26:01.4098|0|Challenge.DataAccess.Services.UsersService|Data is Null. This method or property cannot be called on Null values. System.Data.SqlTypes.SqlNullValueException: Data is Null. This method or property cannot be called on Null values.
   at Microsoft.Data.SqlClient.SqlBuffer.get_String()
   at lambda_method15(Closure , QueryContext , DbDataReader , ResultContext , SingleQueryResultCoordinator )
   at Microsoft.EntityFrameworkCore.Query.Internal.SingleQueryingEnumerable`1.AsyncEnumerator.MoveNextAsync()
   at Microsoft.EntityFrameworkCore.Query.ShapedQueryCompilingExpressionVisitor.SingleOrDefaultAsync[TSource](IAsyncEnumerable`1 asyncEnumerable, CancellationToken cancellationToken)
   at Microsoft.EntityFrameworkCore.Query.ShapedQueryCompilingExpressionVisitor.SingleOrDefaultAsync[TSource](IAsyncEnumerable`1 asyncEnumerable, CancellationToken cancellationToken)
   at Challenge.DataAccess.Repository.Repositories.UserRepository.GetUserByUserAndPassword(String usuario, String pass) in C:\Users\elmil\Documents\ChallengeMind\challenge-back\Challenge\Challenge\DataAccess\Repository\Repositories\UserRepository.cs:line 24
   at Challenge.DataAccess.Services.UsersService.GetUserByUserAndPassword(String usuario, String pass) in C:\Users\elmil\Documents\ChallengeMind\challenge-back\Challenge\Challenge\DataAccess\Services\UsersService.cs:line 24
ERROR|2023-03-12 01:26:01.4830|0|Challenge.Controllers.SecurityController|Some error happened please contact Sys Admin 
ERROR|2023-03-12 01:26:06.7916|10100|Microsoft.EntityFrameworkCore.Query|An exception occurred while iterating over the results of a query for context type 'Challenge.DataAccess.Repository.Context.ChallengeSystemContext'.
System.Data.SqlTypes.SqlNullValueException: Data is Null. This method or property cannot be called on Null values.
   at Microsoft.Data.SqlClient.SqlBuffer.get_String()
   at lambda_method15(Closure , QueryContext , DbDataReader , ResultContext , SingleQueryResultCoordinator )
   at Microsoft.EntityFrameworkCore.Query.Internal.SingleQueryingEnumerable`1.AsyncEnumerator.MoveNextAsync() System.Data.SqlTypes.SqlNullValueException: Data is Null. This method or property cannot be called on Null values.
   at Microsoft.Data.SqlClient.SqlBuffer.get_String()
   at lambda_method15(Closure , QueryContext , DbDataReader , ResultContext , SingleQueryResultCoordinator )
   at Microsoft.EntityFrameworkCore.Query.Internal.SingleQueryingEnumerable`1.AsyncEnumerator.MoveNextAsync()
ERROR|2023-03-12 01:26:06.8967|0|Challenge.DataAccess.Services.UsersService|Data is Null. This method or property cannot be called on Null values. System.Data.SqlTypes.SqlNullValueException: Data is Null. This method or property cannot be called on Null values.
   at Microsoft.Data.SqlClient.SqlBuffer.get_String()
   at lambda_method15(Closure , QueryContext , DbDataReader , ResultContext , SingleQueryResultCoordinator )
   at Microsoft.EntityFrameworkCore.Query.Internal.SingleQueryingEnumerable`1.AsyncEnumerator.MoveNextAsync()
   at Microsoft.EntityFrameworkCore.Query.ShapedQueryCompilingExpressionVisitor.SingleOrDefaultAsync[TSource](IAsyncEnumerable`1 asyncEnumerable, CancellationToken cancellationToken)
   at Microsoft.EntityFrameworkCore.Query.ShapedQueryCompilingExpressionVisitor.SingleOrDefaultAsync[TSource](IAsyncEnumerable`1 asyncEnumerable, CancellationToken cancellationToken)
   at Challenge.DataAccess.Repository.Repositories.UserRepository.GetUserByUserAndPassword(String usuario, String pass) in C:\Users\elmil\Documents\ChallengeMind\challenge-back\Challenge\Challenge\DataAccess\Repository\Repositories\UserRepository.cs:line 24
   at Challenge.DataAccess.Services.UsersService.GetUserByUserAndPassword(String usuario, String pass) in C:\Users\elmil\Documents\ChallengeMind\challenge-back\Challenge\Challenge\DataAccess\Services\UsersService.cs:line 24
ERROR|2023-03-12 01:26:06.9646|0|Challenge.Controllers.SecurityController|Some error happened please contact Sys Admin 
ERROR|2023-03-12 01:26:30.8543|10100|Microsoft.EntityFrameworkCore.Query|An exception occurred while iterating over the results of a query for context type 'Challenge.DataAccess.Repository.Context.ChallengeSystemContext'.
System.Data.SqlTypes.SqlNullValueException: Data is Null. This method or property cannot be called on Null values.
   at Microsoft.Data.SqlClient.SqlBuffer.get_String()
   at lambda_method15(Closure , QueryContext , DbDataReader , ResultContext , SingleQueryResultCoordinator )
   at Microsoft.EntityFrameworkCore.Query.Internal.SingleQueryingEnumerable`1.AsyncEnumerator.MoveNextAsync() System.Data.SqlTypes.SqlNullValueException: Data is Null. This method or property cannot be called on Null values.
   at Microsoft.Data.SqlClient.SqlBuffer.get_String()
   at lambda_method15(Closure , QueryContext , DbDataReader , ResultContext , SingleQueryResultCoordinator )
   at Microsoft.EntityFrameworkCore.Query.Internal.SingleQueryingEnumerable`1.AsyncEnumerator.MoveNextAsync()
ERROR|2023-03-12 01:26:30.9660|0|Challenge.DataAccess.Services.UsersService|Data is Null. This method or property cannot be called on Null values. System.Data.SqlTypes.SqlNullValueException: Data is Null. This method or property cannot be called on Null values.
   at Microsoft.Data.SqlClient.SqlBuffer.get_String()
   at lambda_method15(Closure , QueryContext , DbDataReader , ResultContext , SingleQueryResultCoordinator )
   at Microsoft.EntityFrameworkCore.Query.Internal.SingleQueryingEnumerable`1.AsyncEnumerator.MoveNextAsync()
   at Microsoft.EntityFrameworkCore.Query.ShapedQueryCompilingExpressionVisitor.SingleOrDefaultAsync[TSource](IAsyncEnumerable`1 asyncEnumerable, CancellationToken cancellationToken)
   at Microsoft.EntityFrameworkCore.Query.ShapedQueryCompilingExpressionVisitor.SingleOrDefaultAsync[TSource](IAsyncEnumerable`1 asyncEnumerable, CancellationToken cancellationToken)
   at Challenge.DataAccess.Repository.Repositories.UserRepository.GetUserByUserAndPassword(String usuario, String pass) in C:\Users\elmil\Documents\ChallengeMind\challenge-back\Challenge\Challenge\DataAccess\Repository\Repositories\UserRepository.cs:line 24
   at Challenge.DataAccess.Services.UsersService.GetUserByUserAndPassword(String usuario, String pass) in C:\Users\elmil\Documents\ChallengeMind\challenge-back\Challenge\Challenge\DataAccess\Services\UsersService.cs:line 24
ERROR|2023-03-12 01:26:31.0400|0|Challenge.Controllers.SecurityController|Some error happened please contact Sys Admin 
